<?xml version="1.0" encoding="UTF-8"?>
<testng-results skipped="0" failed="2" ignored="0" total="2" passed="0">
  <reporter-output>
  </reporter-output>
  <suite name="BSTL" duration-ms="44469" started-at="2020-02-06T04:30:05 PST" finished-at="2020-02-06T04:30:50 PST">
    <groups>
    </groups>
    <test name="Test" duration-ms="44469" started-at="2020-02-06T04:30:05 PST" finished-at="2020-02-06T04:30:50 PST">
      <class name="gov.nv.dwss.nvkids.testcases.bstl.ViewBatchErrorsTestcase">
        <test-method status="PASS" signature="startReport(org.testng.ITestContext)[pri:0, instance:gov.nv.dwss.nvkids.testcases.bstl.ViewBatchErrorsTestcase@35a50a4c]" name="startReport" is-config="true" duration-ms="297" started-at="2020-02-06T04:30:05 PST" finished-at="2020-02-06T04:30:05 PST">
          <params>
            <param index="0">
              <value>
                <![CDATA[org.testng.TestRunner@272113c4]]>
              </value>
            </param>
          </params>
          <reporter-output>
          </reporter-output>
        </test-method> <!-- startReport -->
        <test-method status="PASS" signature="beforeclass()[pri:0, instance:gov.nv.dwss.nvkids.testcases.bstl.ViewBatchErrorsTestcase@35a50a4c]" name="beforeclass" is-config="true" duration-ms="0" started-at="2020-02-06T04:30:05 PST" finished-at="2020-02-06T04:30:05 PST">
          <reporter-output>
          </reporter-output>
        </test-method> <!-- beforeclass -->
        <test-method status="PASS" signature="configureAndLaunch(java.lang.reflect.Method)[pri:0, instance:gov.nv.dwss.nvkids.testcases.bstl.ViewBatchErrorsTestcase@35a50a4c]" name="configureAndLaunch" is-config="true" duration-ms="11904" started-at="2020-02-06T04:30:05 PST" finished-at="2020-02-06T04:30:17 PST">
          <params>
            <param index="0">
              <value>
                <![CDATA[public void gov.nv.dwss.nvkids.testcases.bstl.ViewBatchErrorsTestcase.verifyFilterSectionFields() throws java.lang.Exception]]>
              </value>
            </param>
          </params>
          <reporter-output>
          </reporter-output>
        </test-method> <!-- configureAndLaunch -->
        <test-method status="PASS" signature="configureAndLaunch(java.lang.reflect.Method)[pri:0, instance:gov.nv.dwss.nvkids.testcases.bstl.ViewBatchErrorsTestcase@35a50a4c]" name="configureAndLaunch" is-config="true" duration-ms="10930" started-at="2020-02-06T04:30:06 PST" finished-at="2020-02-06T04:30:17 PST">
          <params>
            <param index="0">
              <value>
                <![CDATA[public void gov.nv.dwss.nvkids.testcases.bstl.ViewBatchErrorsTestcase.verifySuccessfulInquiry(java.lang.String,java.lang.String) throws java.lang.Exception]]>
              </value>
            </param>
          </params>
          <reporter-output>
          </reporter-output>
        </test-method> <!-- configureAndLaunch -->
        <test-method status="FAIL" signature="verifySuccessfulInquiry(java.lang.String, java.lang.String)[pri:16, instance:gov.nv.dwss.nvkids.testcases.bstl.ViewBatchErrorsTestcase@35a50a4c]" name="verifySuccessfulInquiry" duration-ms="32212" started-at="2020-02-06T04:30:17 PST" description="Verify Successful inquiry is done" data-provider="getProcessDate" finished-at="2020-02-06T04:30:49 PST">
          <params>
            <param index="0">
              <value>
                <![CDATA[select * from NVKIDS.BATCH_ERROR order by effective_run_date desc FETCH FIRST 1 ROW ONLY]]>
              </value>
            </param>
            <param index="1">
              <value>
                <![CDATA[effective_run_date]]>
              </value>
            </param>
          </params>
          <exception class="java.lang.AssertionError">
            <message>
              <![CDATA[The element is not accessible]]>
            </message>
            <full-stacktrace>
              <![CDATA[java.lang.AssertionError: The element is not accessible
at org.junit.Assert.fail(Assert.java:88)
at gov.nv.dwss.nvkids.selenium.api.base.SeleniumBase.click(SeleniumBase.java:179)
at gov.nv.dwss.nvkids.pages.home.HomePage.quickNavigation_BSTL(HomePage.java:72)
at gov.nv.dwss.nvkids.testcases.bstl.ViewBatchErrorsTestcase.verifySuccessfulInquiry(ViewBatchErrorsTestcase.java:71)
at sun.reflect.NativeMethodAccessorImpl.invoke0(Native Method)
at sun.reflect.NativeMethodAccessorImpl.invoke(Unknown Source)
at sun.reflect.DelegatingMethodAccessorImpl.invoke(Unknown Source)
at java.lang.reflect.Method.invoke(Unknown Source)
at org.testng.internal.MethodInvocationHelper.invokeMethod(MethodInvocationHelper.java:134)
at org.testng.internal.TestInvoker.invokeMethod(TestInvoker.java:597)
at org.testng.internal.TestInvoker.invokeTestMethod(TestInvoker.java:173)
at org.testng.internal.MethodRunner.runInSequence(MethodRunner.java:46)
at org.testng.internal.TestInvoker$MethodInvocationAgent.invoke(TestInvoker.java:816)
at org.testng.internal.TestInvoker.invokeTestMethods(TestInvoker.java:146)
at org.testng.internal.TestMethodWorker.invokeTestMethods(TestMethodWorker.java:146)
at org.testng.internal.TestMethodWorker.run(TestMethodWorker.java:128)
at java.util.concurrent.ThreadPoolExecutor.runWorker(Unknown Source)
at java.util.concurrent.ThreadPoolExecutor$Worker.run(Unknown Source)
at java.lang.Thread.run(Unknown Source)
]]>
            </full-stacktrace>
          </exception> <!-- java.lang.AssertionError -->
          <reporter-output>
          </reporter-output>
        </test-method> <!-- verifySuccessfulInquiry -->
        <test-method status="FAIL" signature="verifyFilterSectionFields()[pri:15, instance:gov.nv.dwss.nvkids.testcases.bstl.ViewBatchErrorsTestcase@35a50a4c]" name="verifyFilterSectionFields" duration-ms="31571" started-at="2020-02-06T04:30:17 PST" description="Navigate to Batch Errors screen and verify the fields " finished-at="2020-02-06T04:30:49 PST">
          <exception class="java.lang.AssertionError">
            <message>
              <![CDATA[The element is not accessible]]>
            </message>
            <full-stacktrace>
              <![CDATA[java.lang.AssertionError: The element is not accessible
at org.junit.Assert.fail(Assert.java:88)
at gov.nv.dwss.nvkids.selenium.api.base.SeleniumBase.click(SeleniumBase.java:179)
at gov.nv.dwss.nvkids.pages.home.HomePage.quickNavigation_BSTL(HomePage.java:72)
at gov.nv.dwss.nvkids.testcases.bstl.ViewBatchErrorsTestcase.verifyFilterSectionFields(ViewBatchErrorsTestcase.java:64)
at sun.reflect.NativeMethodAccessorImpl.invoke0(Native Method)
at sun.reflect.NativeMethodAccessorImpl.invoke(Unknown Source)
at sun.reflect.DelegatingMethodAccessorImpl.invoke(Unknown Source)
at java.lang.reflect.Method.invoke(Unknown Source)
at org.testng.internal.MethodInvocationHelper.invokeMethod(MethodInvocationHelper.java:134)
at org.testng.internal.TestInvoker.invokeMethod(TestInvoker.java:597)
at org.testng.internal.TestInvoker.invokeTestMethod(TestInvoker.java:173)
at org.testng.internal.MethodRunner.runInSequence(MethodRunner.java:46)
at org.testng.internal.TestInvoker$MethodInvocationAgent.invoke(TestInvoker.java:816)
at org.testng.internal.TestInvoker.invokeTestMethods(TestInvoker.java:146)
at org.testng.internal.TestMethodWorker.invokeTestMethods(TestMethodWorker.java:146)
at org.testng.internal.TestMethodWorker.run(TestMethodWorker.java:128)
at java.util.concurrent.ThreadPoolExecutor.runWorker(Unknown Source)
at java.util.concurrent.ThreadPoolExecutor$Worker.run(Unknown Source)
at java.lang.Thread.run(Unknown Source)
]]>
            </full-stacktrace>
          </exception> <!-- java.lang.AssertionError -->
          <reporter-output>
          </reporter-output>
        </test-method> <!-- verifyFilterSectionFields -->
        <test-method status="PASS" signature="closeBrowser()[pri:0, instance:gov.nv.dwss.nvkids.testcases.bstl.ViewBatchErrorsTestcase@35a50a4c]" name="closeBrowser" is-config="true" duration-ms="959" started-at="2020-02-06T04:30:49 PST" finished-at="2020-02-06T04:30:50 PST">
          <reporter-output>
          </reporter-output>
        </test-method> <!-- closeBrowser -->
        <test-method status="PASS" signature="closeBrowser()[pri:0, instance:gov.nv.dwss.nvkids.testcases.bstl.ViewBatchErrorsTestcase@35a50a4c]" name="closeBrowser" is-config="true" duration-ms="628" started-at="2020-02-06T04:30:49 PST" finished-at="2020-02-06T04:30:50 PST">
          <reporter-output>
          </reporter-output>
        </test-method> <!-- closeBrowser -->
        <test-method status="PASS" signature="stopReport()[pri:0, instance:gov.nv.dwss.nvkids.testcases.bstl.ViewBatchErrorsTestcase@35a50a4c]" name="stopReport" is-config="true" duration-ms="282" started-at="2020-02-06T04:30:50 PST" finished-at="2020-02-06T04:30:50 PST">
          <reporter-output>
          </reporter-output>
        </test-method> <!-- stopReport -->
      </class> <!-- gov.nv.dwss.nvkids.testcases.bstl.ViewBatchErrorsTestcase -->
    </test> <!-- Test -->
  </suite> <!-- BSTL -->
</testng-results>
