<?xml version="1.0" encoding="UTF-8"?>
<!-- Generated by org.testng.reporters.JUnitReportReporter -->
<testsuite skipped="0" hostname="ProDCWS-58" name="gov.nv.dwss.nvkids.testcases.bstl.ViewBatchErrorsTestcase" tests="2" failures="2" timestamp="2020-02-06T04:30:50 PST" time="88.204" errors="0">
  <testcase name="verifyFilterSectionFields" time="43.129" classname="gov.nv.dwss.nvkids.testcases.bstl.ViewBatchErrorsTestcase">
    <failure type="java.lang.AssertionError" message="The element is not accessible">
      <![CDATA[java.lang.AssertionError: The element is not accessible
at org.junit.Assert.fail(Assert.java:88)
at gov.nv.dwss.nvkids.selenium.api.base.SeleniumBase.click(SeleniumBase.java:179)
at gov.nv.dwss.nvkids.pages.home.HomePage.quickNavigation_BSTL(HomePage.java:72)
at gov.nv.dwss.nvkids.testcases.bstl.ViewBatchErrorsTestcase.verifyFilterSectionFields(ViewBatchErrorsTestcase.java:64)
at sun.reflect.NativeMethodAccessorImpl.invoke0(Native Method)
at sun.reflect.NativeMethodAccessorImpl.invoke(Unknown Source)
at sun.reflect.DelegatingMethodAccessorImpl.invoke(Unknown Source)
at java.lang.reflect.Method.invoke(Unknown Source)
at org.testng.internal.MethodInvocationHelper.invokeMethod(MethodInvocationHelper.java:134)
at org.testng.internal.TestInvoker.invokeMethod(TestInvoker.java:597)
at org.testng.internal.TestInvoker.invokeTestMethod(TestInvoker.java:173)
at org.testng.internal.MethodRunner.runInSequence(MethodRunner.java:46)
at org.testng.internal.TestInvoker$MethodInvocationAgent.invoke(TestInvoker.java:816)
at org.testng.internal.TestInvoker.invokeTestMethods(TestInvoker.java:146)
at org.testng.internal.TestMethodWorker.invokeTestMethods(TestMethodWorker.java:146)
at org.testng.internal.TestMethodWorker.run(TestMethodWorker.java:128)
at java.util.concurrent.ThreadPoolExecutor.runWorker(Unknown Source)
at java.util.concurrent.ThreadPoolExecutor$Worker.run(Unknown Source)
at java.lang.Thread.run(Unknown Source)
]]>
    </failure>
  </testcase> <!-- verifyFilterSectionFields -->
  <system-out/>
  <testcase name="verifySuccessfulInquiry" time="45.075" classname="gov.nv.dwss.nvkids.testcases.bstl.ViewBatchErrorsTestcase">
    <failure type="java.lang.AssertionError" message="The element is not accessible">
      <![CDATA[java.lang.AssertionError: The element is not accessible
at org.junit.Assert.fail(Assert.java:88)
at gov.nv.dwss.nvkids.selenium.api.base.SeleniumBase.click(SeleniumBase.java:179)
at gov.nv.dwss.nvkids.pages.home.HomePage.quickNavigation_BSTL(HomePage.java:72)
at gov.nv.dwss.nvkids.testcases.bstl.ViewBatchErrorsTestcase.verifySuccessfulInquiry(ViewBatchErrorsTestcase.java:71)
at sun.reflect.NativeMethodAccessorImpl.invoke0(Native Method)
at sun.reflect.NativeMethodAccessorImpl.invoke(Unknown Source)
at sun.reflect.DelegatingMethodAccessorImpl.invoke(Unknown Source)
at java.lang.reflect.Method.invoke(Unknown Source)
at org.testng.internal.MethodInvocationHelper.invokeMethod(MethodInvocationHelper.java:134)
at org.testng.internal.TestInvoker.invokeMethod(TestInvoker.java:597)
at org.testng.internal.TestInvoker.invokeTestMethod(TestInvoker.java:173)
at org.testng.internal.MethodRunner.runInSequence(MethodRunner.java:46)
at org.testng.internal.TestInvoker$MethodInvocationAgent.invoke(TestInvoker.java:816)
at org.testng.internal.TestInvoker.invokeTestMethods(TestInvoker.java:146)
at org.testng.internal.TestMethodWorker.invokeTestMethods(TestMethodWorker.java:146)
at org.testng.internal.TestMethodWorker.run(TestMethodWorker.java:128)
at java.util.concurrent.ThreadPoolExecutor.runWorker(Unknown Source)
at java.util.concurrent.ThreadPoolExecutor$Worker.run(Unknown Source)
at java.lang.Thread.run(Unknown Source)
]]>
    </failure>
  </testcase> <!-- verifySuccessfulInquiry -->
  <system-out/>
</testsuite> <!-- gov.nv.dwss.nvkids.testcases.bstl.ViewBatchErrorsTestcase -->
